0:100  0:100  MemLog inited, TSC freq: 2808405650
0:100  0:000  CPU was calibrated with RTC
0:100  0:000  
0:100  0:000  Now is 2.5.2019,  21:59:9 (GMT)
0:100  0:000  Starting Clover revision: 4920 on American Megatrends EFI
0:100  0:000  Build with: [Args: -nb -mc --no-usb -D NO_GRUB_DRIVERS_EMBEDDED | -D DISABLE_USB_SUPPORT -D NO_GRUB_DRIVERS_EMBEDDED -D USE_BIOS_BLOCKIO -D USE_LOW_EBDA -D HAVE_LEGACY_EMURUNTIMEDXE -a X64 -b RELEASE -t XCODE8 -n 5 | OS: 10.13.6 | XCODE: 10.1]
0:100  0:000  SelfDevicePath=PciRoot(0x0)\Pci(0x1D,0x0)\Pci(0x0,0x0)\NVMe(0x1,F2-9A-B3-81-58-38-25-00)\HD(1,GPT,167FE85E-9C8C-4C4C-BFFB-19D98ADE3598,0x28,0x64000) @74E91F98
0:100  0:000  SelfDirPath = \EFI\BOOT
0:100  0:000  === [ Get Smbios ] ========================================
0:100  0:000  Type 16 Index = 0
0:100  0:000  Total Memory Slots Count = 2
0:100  0:000  Type 17 Index = 0
0:100  0:000  SmbiosTable.Type17->Speed = 2667MHz
0:100  0:000  SmbiosTable.Type17->Size = 16384MB
0:100  0:000  SmbiosTable.Type17->Bank/Device = BANK 0 DIMM A
0:100  0:000  SmbiosTable.Type17->Vendor = Micron
0:100  0:000  SmbiosTable.Type17->SerialNumber = 1DBFC264
0:100  0:000  SmbiosTable.Type17->PartNumber = 16ATF2G64HZ-2G6E1   
0:100  0:000  Type 17 Index = 1
0:100  0:000  SmbiosTable.Type17->Speed = 2667MHz
0:100  0:000  SmbiosTable.Type17->Size = 16384MB
0:100  0:000  SmbiosTable.Type17->Bank/Device = BANK 2 DIMM B
0:100  0:000  SmbiosTable.Type17->Vendor = 859B0000802C
0:100  0:000  SmbiosTable.Type17->SerialNumber = E0C059B1
0:100  0:000  SmbiosTable.Type17->PartNumber = CT16G4SFD8266.C16FD1
0:100  0:000  Boot status=0
0:100  0:000  Running on: 'XPS 15 9560' with board '05FFDN'
0:100  0:000  === [ GetCPUProperties ] ==================================
0:100  0:000  CPU Vendor = 756E6547 Model=906E9
0:100  0:000   The CPU supported SSE4.1
0:100  0:000  BrandString = Intel(R) Core(TM) i7-7700HQ CPU @ 2.80GHz
0:100  0:000   The CPU supported turbo
0:100  0:000  MSR 0x35               40008
0:100  0:000   TSC/CCC Information Leaf:
0:100  0:000    numerator     : 234
0:100  0:000    denominator   : 2
0:100  0:000   Calibrated ARTFrequency: 24003467
0:100  0:000  MSR 0xE2 before patch 1E008006
0:100  0:000  MSR 0xE2 is locked, PM patches will be turned on
0:100  0:000  MSR 0xCE              0008083B_F1011C00
0:100  0:000  corrected FLEX_RATIO = 0
0:100  0:000  MSR 0x1B0             00000000
0:100  0:000  FSBFrequency = 97 MHz, DMI FSBFrequency = 100 MHz, Corrected FSBFrequency = 100 MHz
0:100  0:000  MaxDiv/MinDiv: 28.0/8
0:100  0:000  Turbo: 34/35/36/38
0:100  0:000  Features: 0xBFEBFBFF
0:100  0:000  Threads: 8
0:100  0:000  Cores: 4
0:100  0:000  FSB: 100 MHz
0:100  0:000  CPU: 2700 MHz
0:100  0:000  TSC: 2700 MHz
0:100  0:000  PIS: 100 MHz
0:100  0:000  ExternalClock: 25 MHz
0:100  0:000  === [ GetDevices ] ========================================
0:100  0:000  PCI (00|00:00.00) : 8086 5910 class=060000
0:100  0:000  PCI (00|00:01.00) : 8086 1901 class=060400
0:100  0:000  PCI (00|01:00.00) : 10DE 1C8D class=030200
0:100  0:000  PCI (00|00:02.00) : 8086 591B class=030000
0:100  0:000   - GFX: Model=Intel HD Graphics 630 (Intel)
0:100  0:000  PCI (00|00:04.00) : 8086 1903 class=118000
0:100  0:000  PCI (00|00:14.00) : 8086 A12F class=0C0330
0:100  0:000  PCI (00|00:14.02) : 8086 A131 class=118000
0:100  0:000  PCI (00|00:15.00) : 8086 A160 class=118000
0:100  0:000  PCI (00|00:15.01) : 8086 A161 class=118000
0:101  0:000  PCI (00|00:16.00) : 8086 A13A class=078000
0:101  0:000  PCI (00|00:17.00) : 8086 A103 class=010601
0:101  0:000  PCI (00|00:1C.00) : 8086 A110 class=060400
0:101  0:000  PCI (00|02:00.00) : 14E4 43B1 class=028000
0:101  0:000   - WIFI: Vendor=Broadcom
0:101  0:000  PCI (00|00:1C.01) : 8086 A111 class=060400
0:101  0:000  PCI (00|03:00.00) : 10EC 525A class=FF0000
0:101  0:000  PCI (00|00:1D.00) : 8086 A118 class=060400
0:101  0:000  PCI (00|04:00.00) : 144D A808 class=010802
0:101  0:000  PCI (00|00:1D.04) : 8086 A11C class=060400
0:101  0:000  PCI (00|00:1D.06) : 8086 A11E class=060400
0:101  0:000  PCI (00|06:00.00) : FFFF FFFF class=FFFFFF
0:101  0:000  PCI (00|07:00.00) : FFFF FFFF class=FFFFFF
0:101  0:000  PCI (00|08:00.00) : FFFF FFFF class=FFFFFF
0:101  0:000  PCI (00|07:01.00) : FFFF FFFF class=FFFFFF
0:101  0:000  PCI (00|07:02.00) : FFFF FFFF class=FFFFFF
0:101  0:000  PCI (00|3E:00.00) : FFFF FFFF class=FFFFFF
0:101  0:000  PCI (00|00:1F.00) : 8086 A152 class=060100
0:101  0:000  PCI (00|00:1F.02) : 8086 A121 class=058000
0:101  0:000  PCI (00|00:1F.03) : 8086 A171 class=040380
0:101  0:000  PCI (00|00:1F.04) : 8086 A123 class=0C0500
0:101  0:000  === [ GetDefaultSettings ] ================================
0:101  0:000  Clover load options size = 154 bytes
0:102  0:001  EFI\CLOVER\.plist not loaded with name from LoadOptions: Invalid Parameter
0:103  0:001  EFI\CLOVER\config.plist loaded: Success
0:103  0:000  === [ GetListOfThemes ] ===================================
0:104  0:000  - [00]: Clovy
0:106  0:001  - [01]: BGM
0:106  0:000  - [02]: cesium
0:108  0:001  - [03]: random
0:109  0:000  - [03]: embedded
0:109  0:000  - [03]: Beauty
0:110  0:001  - [04]: BeautyDark
0:111  0:000  - [05]: BeautyDark256
0:112  0:000  - [06]: BeautyX
0:113  0:001  - [07]: Neon
0:115  0:001  - [08]: Neon256
0:116  0:001  - [09]: Outlines
0:117  0:001  - [10]: Outlines256
0:118  0:001  === [ Found config plists ] ===============================
0:119  0:000  - config.plist
0:120  0:000  === [ GetEarlyUserSettings ] ==============================
0:120  0:000  timeout set to 3
0:120  0:000  Custom boot CUSTOM_BOOT_DISABLED (0x0)
0:120  0:000  KernelToPatch: 2 requested
0:120  0:000   - [00]: MSR 0xE2 _xcpm_idle prevent instant reboot (c) Pike R. Alpha :: data len: 8
0:120  0:000   - [01]: Disable panic kext logging on 10.14 release kernel (credit Vandroiy) :: MatchOS: 10.14.x :: data len: 6
0:120  0:000  Default theme: Neon256
0:120  0:000  Hiding entries with string Preboot
0:120  0:000  Hiding entries with string Recovery
0:120  0:000  === [ LoadDrivers ] =======================================
0:120  0:000  Loading HFSPlus.efi  status=Success
0:131  0:010   - driver needs connecting
0:131  0:000  Loading DataHubDxe-64.efi  status=Success
0:149  0:018  Loading FSInject-64.efi  status=Success
0:159  0:010  Loading ApfsDriverLoader-64.efi  status=Success
0:169  0:009   - driver needs connecting
0:169  0:000  Loading AptioMemoryFix-64.efi  status=Success
0:180  0:010  2 drivers needs connecting ...
0:180  0:000  PlatformDriverOverrideProtocol not found. Installing ... Success
0:180  0:000  HFS+ driver loaded
0:180  0:000  APFS driver loaded
0:180  0:000  Searching for invalid DiskIo BY_DRIVER connects: not found, all ok
0:588  0:407  === [ InitScreen ] ========================================
0:588  0:000  Console modes reported: 4, available modes:
0:588  0:000   - [01]: 80x25
0:588  0:000   - [02]: 80x50
0:588  0:000   - [03]: 100x31
0:588  0:000   - [04]: 240x56 (current mode)
0:588  0:000  SetMaxResolution: found best mode 0: 1920x1080
0:588  0:000   - already set
0:588  0:000  reinit: self device path=PciRoot(0x0)\Pci(0x1D,0x0)\Pci(0x0,0x0)\NVMe(0x1,F2-9A-B3-81-58-38-25-00)\HD(1,GPT,167FE85E-9C8C-4C4C-BFFB-19D98ADE3598,0x28,0x64000)
0:589  0:000  Using embedded font: Success
0:589  0:000  === [ GetMacAddress ] =====================================
0:589  0:000   get legacy LAN MAC, 0 card found
0:589  0:000  === [ ScanSPD ] ===========================================
0:590  0:000  Scanning SMBus [8086:A123], mmio: 0xED132004, ioport: 0xF040, hostc: 0x11
0:608  0:018  Slot: 0 Type 26 16384MB 2666MHz Vendor=Micron Technology PartNo=16ATF2G64HZ-2G6E1 SerialNo=010D0B0F0C020604
0:627  0:018  Slot: 2 Type 26 16384MB 2666MHz Vendor=Crucial Technology PartNo=CT16G4SFD8266.C16FD1 SerialNo=0E000C0005090B01
0:627  0:000  === [ GetAcpiTablesList ] =================================
0:628  0:000  Get Acpi Tables List from RSDT:
0:628  0:000   - [00]: FACP  CBX3    len=132
0:628  0:000   - [01]: APIC  CBX3    len=188
0:628  0:000   - [02]: FPDT  CBX3    len=68
0:628  0:000   - [03]: FIDT  CBX3    len=172
0:628  0:000   - [04]: MCFG  CBX3    len=60
0:628  0:000   - [05]: HPET  CBX3    len=56
0:628  0:000   - [06]: SSDT  SataTabl len=1208
0:628  0:000   - [07]: BOOT  CBX3     len=40
0:628  0:000   - [08]: SSDT  SaSsdt  len=4862
0:628  0:000   - [09]: SSDT  PegSsdt len=10585
0:628  0:000   - [10]: HPET  KBL len=56
0:628  0:000   - [11]: SSDT  xh_rvp11 len=2956
0:628  0:000   - [12]: UEFI   len=66
0:628  0:000   - [13]: SSDT  CpuSsdt len=3806
0:628  0:000   - [14]: LPIT  KBL len=148
0:628  0:000   - [15]: SSDT  HdaDsp len=286
0:628  0:000   - [16]: SSDT  sensrhub len=671
0:628  0:000   - [17]: SSDT  PtidDevc len=12290
0:628  0:000   - [18]: SSDT  TbtTypeC len=1293
0:628  0:000   - [19]: DBGP   len=52
0:628  0:000   - [20]: DBG2   len=84
0:628  0:000   - [21]: SSDT  DptfTabl len=21282
0:628  0:000   - [22]: MSDM  CBX3    len=85
0:628  0:000   - [23]: SLIC  CBX3    len=374
0:628  0:000   - [24]: SSDT  SgPeg len=174
0:628  0:000   - [25]: NHLT  EDK2     len=45
0:628  0:000   - [26]: BGRT   len=56
0:628  0:000   - [27]: TPM2  Tpm2Tabl len=52
0:628  0:000   - [28]: SSDT  OptTabl len=7280
0:628  0:000   - [29]: ASF!   HCG len=160
0:628  0:000   - [30]: DMAR  KBL  len=240
0:628  0:000  Calibrated TSC Frequency = 2808405650 = 2808MHz
0:628  0:000  === [ GetUserSettings ] ===================================
0:628  0:000  Add 1 devices:
0:628  0:000  Add 1 properties:
0:628  0:000   - [00]: IntelGFX Key: hda-gfx, len: 10
0:628  0:000  USB FixOwnership: yes
0:628  0:000  Dropping 2 tables:
0:628  0:000   - [00]: Drop table  signature="SSDT" (54445353) table-id="xh_rvp11" (31317076725F6878)
0:628  0:000           - set table: 54445353, 31317076725F6878 to drop: yes
0:628  0:000   - [01]: Drop table  signature="SSDT" (54445353) table-id="PtidDevc" (6376654464697450)
0:628  0:000           - set table: 54445353, 6376654464697450 to drop: yes
0:628  0:000   - final DSDT Fix mask=00000000
0:628  0:000  PatchesDSDT: 16 requested
0:628  0:000   - [00]: (Change OSID to XSID (to avoid match against _OSI XOSI patch)) lenToFind: 4, lenToReplace: 4, Target Bridge: <null string>
0:628  0:000   - [01]: (Change _OSI to XOSI, use with SSDT-XOSI.aml) lenToFind: 4, lenToReplace: 4, Target Bridge: <null string>
0:628  0:000   - [02]: (Change _DSM to XDSM (needed for _DSM injections, e.g. for HDEF, IGPU)) lenToFind: 4, lenToReplace: 4, Target Bridge: <null string>
0:628  0:000   - [03]: (Change ECDV to EC (so Mac OS knows about the Embedded Controller)) lenToFind: 4, lenToReplace: 4, Target Bridge: <null string>
0:628  0:000   - [04]: (Change HDAS to HDEF (needed for audio)) lenToFind: 4, lenToReplace: 4, Target Bridge: <null string>
0:628  0:000   - [05]: (Change HECI to IMEI (so Mac OS can natively use the Management Engine)) lenToFind: 4, lenToReplace: 4, Target Bridge: <null string>
0:628  0:000   - [06]: (Change GFX0 to IGPU (needed for graphics)) lenToFind: 4, lenToReplace: 4, Target Bridge: <null string>
0:628  0:000   - [07]: (Rename BRT6 to BRTX, use with SSDT-BRT6.aml, SSDT-PNLF.aml, AppleBacklightInjector.kext, and VoodooPS2Controller.kext to fix brightness keys) lenToFind: 7, lenToReplace: 7, Target Bridge: <null string>
0:628  0:000   - [08]: (Rename method UPRW to XPRW and use with SSDT-UPRW.aml to fix USB "instant wake" on sleep) lenToFind: 8, lenToReplace: 8, Target Bridge: <null string>
0:628  0:000   - [09]: (Rename method GPRW to YPRW and use with SSDT-UPRW.aml to fix USB "instant wake" on sleep) lenToFind: 8, lenToReplace: 8, Target Bridge: <null string>
0:628  0:000   - [10]: (change GPI0 device _STA to XSTA) lenToFind: 13, lenToReplace: 13, Target Bridge: <null string>
0:628  0:000   - [11]: (change I2C devices _CRS to XCRS) lenToFind: 7, lenToReplace: 7, Target Bridge: <null string>
0:628  0:000   - [12]: (Rename method _PTS to ZPTS and use with SSDT-PTSWAK.aml to fix dGPU power sapping) lenToFind: 8, lenToReplace: 8, Target Bridge: <null string>
0:628  0:000   - [13]: (Rename method _WAK to ZWAK and use with SSDT-PTSWAK.aml to fix dGPU power sapping) lenToFind: 7, lenToReplace: 7, Target Bridge: <null string>
0:628  0:000   - [14]: ((RP15 only) Rename _RMV to XRMV USB-C hot plug support) lenToFind: 4, lenToReplace: 4, Target Bridge: RP15
0:628  0:000   - [15]: (Rename XTBT to YTBT and use with SSDT-YTBT.aml for USB-C hot plug) lenToFind: 4, lenToReplace: 4, Target Bridge: <null string>
0:628  0:000  PluginType: 1
0:628  0:000  ResetAddr: 0xCF9
0:628  0:000  Calc ResetVal: 0x6
0:628  0:000  ResetVal: 0x6
0:628  0:000  Using ProductName from config: MacBookPro14,1
0:628  0:000  Using latest BiosVersion from clover
0:628  0:000  BiosVersion: MBP141.88Z.F000.B00.1902181121
0:628  0:000  BiosReleaseDate: 02/18/2019
0:628  0:000  Using EfiVersion from clover: 190.0.0.0.0
0:628  0:000  Using FirmwareFeatures from config: 0xFC0FE13E
0:628  0:000  Using FirmwareFeaturesMask from config: 0xFF1FFF3F
0:628  0:000  Board-ID set from config as Mac-B4831CEBD52A0C4C
0:628  0:000  BoardType: 0xA
0:628  0:000  ChassisType: 0x9
0:629  0:000  === [ Found DSDT tables ] =================================
0:697  0:068  === [ ScanVolumes ] =======================================
0:697  0:000  Found 11 volumes with blockIO
0:697  0:000  - [00]: Volume: PciRoot(0x0)\Pci(0x14,0x0)\USB(0x11,0x0)
0:698  0:000          USB volume
0:698  0:000  - [01]: Volume: PciRoot(0x0)\Pci(0x14,0x0)\USB(0x11,0x0)\HD(1,MBR,0x00000000,0x20,0xE51FFE0)
0:698  0:000          USB volume
0:698  0:000  - [02]: Volume: PciRoot(0x0)\Pci(0x1D,0x0)\Pci(0x0,0x0)\NVMe(0x1,F2-9A-B3-81-58-38-25-00)
0:698  0:000  - [03]: Volume: PciRoot(0x0)\Pci(0x1D,0x0)\Pci(0x0,0x0)\NVMe(0x1,F2-9A-B3-81-58-38-25-00)\HD(1,GPT,167FE85E-9C8C-4C4C-BFFB-19D98ADE3598,0x28,0x64000)
0:698  0:000          Result of bootcode detection: bootable unknown (legacy)
0:699  0:000          This is SelfVolume !!
0:699  0:000  - [04]: Volume: PciRoot(0x0)\Pci(0x1D,0x0)\Pci(0x0,0x0)\NVMe(0x1,F2-9A-B3-81-58-38-25-00)\HD(2,GPT,8171C1F3-711F-4FEA-8DAB-357D56B51405,0x64028,0x45D45D30)
0:699  0:000          Result of bootcode detection: bootable unknown (legacy)
0:699  0:000  - [05]: Volume: PciRoot(0x0)\Pci(0x1D,0x0)\Pci(0x0,0x0)\NVMe(0x1,F2-9A-B3-81-58-38-25-00)\HD(3,GPT,8891FE48-BDEA-414D-AAFC-7257D7D98E31,0x45DAA000,0x2E91C800)
0:699  0:000          Result of bootcode detection: bootable Windows (vista,win)
0:699  0:000  - [06]: Volume: PciRoot(0x0)\Pci(0x1D,0x0)\Pci(0x0,0x0)\NVMe(0x1,F2-9A-B3-81-58-38-25-00)\HD(4,GPT,0638C97E-5B43-4160-8FC4-9E4B2979062E,0x746C6800,0x8000)
0:699  0:000  - [07]: Volume: PciRoot(0x0)\Pci(0x1D,0x0)\Pci(0x0,0x0)\NVMe(0x1,F2-9A-B3-81-58-38-25-00)\HD(2,GPT,8171C1F3-711F-4FEA-8DAB-357D56B51405,0x64028,0x45D45D30)\VenMedia(BE74FCF7-0B7C-49F3-9147-01F4042E6842,012692B8C0BCAD49BDB206D76ED60279)
0:699  0:000          hiding this volume
0:699  0:000  - [08]: Volume: PciRoot(0x0)\Pci(0x1D,0x0)\Pci(0x0,0x0)\NVMe(0x1,F2-9A-B3-81-58-38-25-00)\HD(2,GPT,8171C1F3-711F-4FEA-8DAB-357D56B51405,0x64028,0x45D45D30)\VenMedia(BE74FCF7-0B7C-49F3-9147-01F4042E6842,C892B8DAE74A0248806525D6C9B45203)
0:699  0:000  - [09]: Volume: PciRoot(0x0)\Pci(0x1D,0x0)\Pci(0x0,0x0)\NVMe(0x1,F2-9A-B3-81-58-38-25-00)\HD(2,GPT,8171C1F3-711F-4FEA-8DAB-357D56B51405,0x64028,0x45D45D30)\VenMedia(BE74FCF7-0B7C-49F3-9147-01F4042E6842,93E1D9BB7C53C84080292A7B2CE8B715)
0:699  0:000          hiding this volume
0:699  0:000  - [10]: Volume: PciRoot(0x0)\Pci(0x1D,0x0)\Pci(0x0,0x0)\NVMe(0x1,F2-9A-B3-81-58-38-25-00)\HD(2,GPT,8171C1F3-711F-4FEA-8DAB-357D56B51405,0x64028,0x45D45D30)\VenMedia(BE74FCF7-0B7C-49F3-9147-01F4042E6842,707591E685360B4780A924963B882607)
0:700  0:000  No AudioIoProtocols, status=Not Found
0:700  0:000  === [ InitTheme ] =========================================
0:700  0:000  use night theme
0:701  0:001  Using theme 'Neon256' (EFI\CLOVER\themes\Neon256)
0:701  0:000  OS main and drive as badge
0:702  0:000    Channels: 1  Sample rate: 44100 Hz  Bits: 16
0:702  0:000  output to channel 0 with volume 70, len=231680
0:702  0:000   sound channels=1 bits=16 freq=44100
0:702  0:000  not found AudioIo to play
0:702  0:000  free sound
0:702  0:000  sound play end with status=7956B0F0
0:703  0:000    Channels: 1  Sample rate: 44100 Hz  Bits: 16
0:703  0:000  output to channel 0 with volume 70, len=231680
0:703  0:000   sound channels=1 bits=16 freq=44100
0:703  0:000  not found AudioIo to play
0:703  0:000  free sound
0:703  0:000  sound play end with status=7956B0F0
0:704  0:001  Loading font from ThemeDir: Success
0:705  0:000  theme inited
0:705  0:000  Chosen theme Neon256
0:705  0:000  after NVRAM boot-args=darkwake=no brcmfx-country=#a dart=0
0:705  0:000  === [ Dump SMC keys from NVRAM ] ==========================
0:705  0:000  no AppleSMC protocol
0:724  0:018  === [ ScanLoader ] ========================================
0:724  0:000  - [01]: ''
0:724  0:000  - [03]: 'EFI'
0:725  0:001          AddLoaderEntry for Volume Name=EFI
0:730  0:005          AddLoaderEntry for Volume Name=EFI
0:730  0:000          skipped because entry is hidden
0:730  0:000  - [07]: 'Preboot', hidden
0:730  0:000  - [08]: 'MacOS'
0:821  0:090          AddLoaderEntry for Volume Name=MacOS
0:842  0:021      Check if volume Is Hibernated:
0:842  0:000      Check sleep image 'by signature':
0:871  0:028      read prefs \Library\Preferences\com.apple.PowerManagement.plist status=Success
0:871  0:000      using default sleep image name = \private\var\vm\sleepimage
0:888  0:017      sleepimage not found -> Not Found
0:888  0:000      hibernated: no - sign
0:901  0:013  - [09]: 'Recovery', hidden
0:901  0:000  - [10]: 'VM'
0:901  0:000  === [ AddCustomTool ] =====================================
0:903  0:001  === [ GetEfiBootDeviceFromNvram ] =========================
0:903  0:000   - efi-boot-device-data: PciRoot(0x0)\Pci(0x1D,0x0)\Pci(0x0,0x0)\NVMe(0x1,F2-9A-B3-81-58-38-25-00)\HD(1,GPT,167FE85E-9C8C-4C4C-BFFB-19D98ADE3598,0x28,0x64000)\EFI\microsoft\Boot\bootmgfw.efii
0:903  0:000    - Volume: 'PciRoot(0x0)\Pci(0x1D,0x0)\Pci(0x0,0x0)\NVMe(0x1,F2-9A-B3-81-58-38-25-00)\HD(1,GPT,167FE85E-9C8C-4C4C-BFFB-19D98ADE3598,0x28,0x64000)'
0:903  0:000    - LoaderPath: '\EFI\microsoft\Boot\bootmgfw.efi'
0:903  0:000    - Guid = 167FE85E-9C8C-4C4C-BFFB-19D98ADE3598
0:903  0:000  === [ FindStartupDiskVolume ] =============================
0:903  0:000    - Volume: partition = PciRoot(0x0)\Pci(0x1D,0x0)\Pci(0x0,0x0)\NVMe(0x1,F2-9A-B3-81-58-38-25-00)\HD(1,GPT,167FE85E-9C8C-4C4C-BFFB-19D98ADE3598,0x28,0x64000)
0:903  0:000     - searching for that partition and loader '\EFI\microsoft\Boot\bootmgfw.efi'
0:903  0:000      - found entry 0. 'Boot Microsoft EFI Boot from EFI', Volume 'EFI', '\EFI\microsoft\Boot\bootmgfw.efi'
0:903  0:000  Boot redirected to Entry 0. 'Boot Microsoft EFI Boot from EFI'
0:903  0:000  DefaultIndex=0 and MainMenu.EntryCount=6
0:903  0:000  Use anime=anime frames=30
0:933  0:029   found 30 frames of the anime
0:933  0:000   Anime seems OK, init it
1:002  0:069  GUI ready
